<?xml version="1.0" encoding="UTF-8"?>
<testsuite xmlns:xsi="http://www.w3.org/2001/XMLSchema-instance" xsi:noNamespaceSchemaLocation="https://maven.apache.org/surefire/maven-surefire-plugin/xsd/surefire-test-report-3.0.xsd" version="3.0" name="TemperatureConverterTest" time="0.065" tests="3" errors="0" skipped="0" failures="0">
  <properties>
    <property name="java.specification.version" value="18"/>
    <property name="sun.cpu.isalist" value="amd64"/>
    <property name="sun.jnu.encoding" value="Cp1252"/>
    <property name="java.class.path" value="C:\Users\trung\OneDrive\Desktop\Year2\SEProject\TemperatureConverter\target\test-classes;C:\Users\trung\OneDrive\Desktop\Year2\SEProject\TemperatureConverter\target\classes;C:\Users\trung\.m2\repository\org\junit\jupiter\junit-jupiter\5.12.0-RC2\junit-jupiter-5.12.0-RC2.jar;C:\Users\trung\.m2\repository\org\junit\jupiter\junit-jupiter-api\5.12.0-RC2\junit-jupiter-api-5.12.0-RC2.jar;C:\Users\trung\.m2\repository\org\opentest4j\opentest4j\1.3.0\opentest4j-1.3.0.jar;C:\Users\trung\.m2\repository\org\junit\platform\junit-platform-commons\1.12.0-RC2\junit-platform-commons-1.12.0-RC2.jar;C:\Users\trung\.m2\repository\org\apiguardian\apiguardian-api\1.1.2\apiguardian-api-1.1.2.jar;C:\Users\trung\.m2\repository\org\junit\jupiter\junit-jupiter-params\5.12.0-RC2\junit-jupiter-params-5.12.0-RC2.jar;C:\Users\trung\.m2\repository\org\junit\jupiter\junit-jupiter-engine\5.12.0-RC2\junit-jupiter-engine-5.12.0-RC2.jar;C:\Users\trung\.m2\repository\org\junit\platform\junit-platform-engine\1.12.0-RC2\junit-platform-engine-1.12.0-RC2.jar;"/>
    <property name="java.vm.vendor" value="Oracle Corporation"/>
    <property name="sun.arch.data.model" value="64"/>
    <property name="user.variant" value=""/>
    <property name="java.vendor.url" value="https://java.oracle.com/"/>
    <property name="user.timezone" value="Europe/Helsinki"/>
    <property name="user.country.format" value="FI"/>
    <property name="os.name" value="Windows 10"/>
    <property name="java.vm.specification.version" value="18"/>
    <property name="sun.java.launcher" value="SUN_STANDARD"/>
    <property name="user.country" value="US"/>
    <property name="sun.boot.library.path" value="C:\Program Files\Java\jdk-18\bin"/>
    <property name="sun.java.command" value="C:\Users\trung\AppData\Local\Temp\surefire8461440093382988284\surefirebooter-20250214005645518_3.jar C:\Users\trung\AppData\Local\Temp\surefire8461440093382988284 2025-02-14T00-56-45_358-jvmRun1 surefire-20250214005645518_1tmp surefire_0-20250214005645518_2tmp"/>
    <property name="jdk.debug" value="release"/>
    <property name="surefire.test.class.path" value="C:\Users\trung\OneDrive\Desktop\Year2\SEProject\TemperatureConverter\target\test-classes;C:\Users\trung\OneDrive\Desktop\Year2\SEProject\TemperatureConverter\target\classes;C:\Users\trung\.m2\repository\org\junit\jupiter\junit-jupiter\5.12.0-RC2\junit-jupiter-5.12.0-RC2.jar;C:\Users\trung\.m2\repository\org\junit\jupiter\junit-jupiter-api\5.12.0-RC2\junit-jupiter-api-5.12.0-RC2.jar;C:\Users\trung\.m2\repository\org\opentest4j\opentest4j\1.3.0\opentest4j-1.3.0.jar;C:\Users\trung\.m2\repository\org\junit\platform\junit-platform-commons\1.12.0-RC2\junit-platform-commons-1.12.0-RC2.jar;C:\Users\trung\.m2\repository\org\apiguardian\apiguardian-api\1.1.2\apiguardian-api-1.1.2.jar;C:\Users\trung\.m2\repository\org\junit\jupiter\junit-jupiter-params\5.12.0-RC2\junit-jupiter-params-5.12.0-RC2.jar;C:\Users\trung\.m2\repository\org\junit\jupiter\junit-jupiter-engine\5.12.0-RC2\junit-jupiter-engine-5.12.0-RC2.jar;C:\Users\trung\.m2\repository\org\junit\platform\junit-platform-engine\1.12.0-RC2\junit-platform-engine-1.12.0-RC2.jar;"/>
    <property name="sun.cpu.endian" value="little"/>
    <property name="user.home" value="C:\Users\trung"/>
    <property name="user.language" value="en"/>
    <property name="java.specification.vendor" value="Oracle Corporation"/>
    <property name="java.version.date" value="2022-03-22"/>
    <property name="java.home" value="C:\Program Files\Java\jdk-18"/>
    <property name="file.separator" value="\"/>
    <property name="basedir" value="C:\Users\trung\OneDrive\Desktop\Year2\SEProject\TemperatureConverter"/>
    <property name="java.vm.compressedOopsMode" value="32-bit"/>
    <property name="line.separator" value="&#10;"/>
    <property name="java.vm.specification.vendor" value="Oracle Corporation"/>
    <property name="java.specification.name" value="Java Platform API Specification"/>
    <property name="surefire.real.class.path" value="C:\Users\trung\AppData\Local\Temp\surefire8461440093382988284\surefirebooter-20250214005645518_3.jar"/>
    <property name="user.script" value=""/>
    <property name="sun.management.compiler" value="HotSpot 64-Bit Tiered Compilers"/>
    <property name="java.runtime.version" value="18+36-2087"/>
    <property name="user.name" value="trung"/>
    <property name="path.separator" value=";"/>
    <property name="os.version" value="10.0"/>
    <property name="java.runtime.name" value="Java(TM) SE Runtime Environment"/>
    <property name="file.encoding" value="UTF-8"/>
    <property name="java.vm.name" value="Java HotSpot(TM) 64-Bit Server VM"/>
    <property name="localRepository" value="C:\Users\trung\.m2\repository"/>
    <property name="java.vendor.url.bug" value="https://bugreport.java.com/bugreport/"/>
    <property name="java.io.tmpdir" value="C:\Users\trung\AppData\Local\Temp\"/>
    <property name="idea.version" value="2024.2.3"/>
    <property name="java.version" value="18"/>
    <property name="user.dir" value="C:\Users\trung\OneDrive\Desktop\Year2\SEProject\TemperatureConverter"/>
    <property name="os.arch" value="amd64"/>
    <property name="java.vm.specification.name" value="Java Virtual Machine Specification"/>
    <property name="sun.os.patch.level" value=""/>
    <property name="native.encoding" value="Cp1252"/>
    <property name="java.library.path" value="C:\Program Files\Java\jdk-18\bin;C:\WINDOWS\Sun\Java\bin;C:\WINDOWS\system32;C:\WINDOWS;C:\Program Files\Common Files\Oracle\Java\javapath;C:\Program Files\Eclipse Adoptium\jdk-17.0.2.8-hotspot\bin;C:\Windows\system32;C:\Windows;C:\Windows\System32\Wbem;C:\Windows\System32\WindowsPowerShell\v1.0\;C:\Windows\System32\OpenSSH\;C:\Program Files (x86)\NVIDIA Corporation\PhysX\Common;C:\Program Files\NVIDIA Corporation\NVIDIA NvDLISR;C:\WINDOWS\system32;C:\WINDOWS;C:\WINDOWS\System32\Wbem;C:\WINDOWS\System32\WindowsPowerShell\v1.0\;C:\WINDOWS\System32\OpenSSH\;C:\Program Files\dotnet\;C:\Program Files\PuTTY\;C:\Program Files\nodejs\;C:\Program Files\Git\cmd;C:\Program Files\Docker\Docker\resources\bin;C:\Program Files\Kubernetes\Minikube;C:\Users\trung\AppData\Local\Programs\Python\Python39\Scripts\;C:\Users\trung\AppData\Local\Programs\Python\Python39\;C:\Users\trung\AppData\Local\Microsoft\WindowsApps;;C:\Program Files\JetBrains\PyCharm 2023.2\bin;;C:\Users\trung\AppData\Roaming\npm;C:\Users\trung\AppData\Local\Programs\Microsoft VS Code\bin;C:\Program Files\JetBrains\IntelliJ IDEA 2024.2.3\bin;;."/>
    <property name="java.vm.info" value="mixed mode, sharing"/>
    <property name="java.vendor" value="Oracle Corporation"/>
    <property name="java.vm.version" value="18+36-2087"/>
    <property name="sun.io.unicode.encoding" value="UnicodeLittle"/>
    <property name="java.class.version" value="62.0"/>
  </properties>
  <testcase name="testFahrenheitToCelsius" classname="TemperatureConverterTest" time="0.029"/>
  <testcase name="testCelsiusToFahrenheit" classname="TemperatureConverterTest" time="0.001"/>
  <testcase name="testIsExtremeTemperature" classname="TemperatureConverterTest" time="0.002"/>
</testsuite>